Running main() from /builddir/build/BUILD/googletest-1.14.0/googletest/src/gtest_main.cc
[==========] Running 14 tests from 5 test suites.
[----------] Global test environment set-up.
[----------] 5 tests from board
[ RUN      ] board.print_empty
[       OK ] board.print_empty (0 ms)
[ RUN      ] board.move_print
[       OK ] board.move_print (0 ms)
[ RUN      ] board.moves_print
[       OK ] board.moves_print (0 ms)
[ RUN      ] board.unmoves_print
[       OK ] board.unmoves_print (0 ms)
[ RUN      ] board.unmoves
[       OK ] board.unmoves (0 ms)
[----------] 5 tests from board (0 ms total)

[----------] 1 test from loadpos
[ RUN      ] loadpos.all
[       OK ] loadpos.all (0 ms)
[----------] 1 test from loadpos (0 ms total)

[----------] 1 test from is_full
[ RUN      ] is_full.empty
[       OK ] is_full.empty (0 ms)
[----------] 1 test from is_full (0 ms total)

[----------] 1 test from loadpos_is_full
[ RUN      ] loadpos_is_full.easy2
[       OK ] loadpos_is_full.easy2 (0 ms)
[----------] 1 test from loadpos_is_full (0 ms total)

[----------] 6 tests from eval
[ RUN      ] eval.down
[       OK ] eval.down (0 ms)
[ RUN      ] eval.hor
[       OK ] eval.hor (0 ms)
[ RUN      ] eval.slash
[       OK ] eval.slash (0 ms)
[ RUN      ] eval.slash2
[       OK ] eval.slash2 (0 ms)
[ RUN      ] eval.backslash
[       OK ] eval.backslash (0 ms)
[ RUN      ] eval.through_wall
[       OK ] eval.through_wall (0 ms)
[----------] 6 tests from eval (0 ms total)

[----------] Global test environment tear-down
[==========] 14 tests from 5 test suites ran. (0 ms total)
[  PASSED  ] 14 tests.
