Running main() from /builddir/build/BUILD/googletest-1.14.0/googletest/src/gtest_main.cc
[==========] Running 27 tests from 6 test suites.
[----------] Global test environment set-up.
[----------] 5 tests from board
[ RUN      ] board.print_empty
[       OK ] board.print_empty (0 ms)
[ RUN      ] board.move_print
[       OK ] board.move_print (0 ms)
[ RUN      ] board.moves_print
[       OK ] board.moves_print (0 ms)
[ RUN      ] board.unmoves_print
[       OK ] board.unmoves_print (0 ms)
[ RUN      ] board.unmoves
[       OK ] board.unmoves (0 ms)
[----------] 5 tests from board (0 ms total)

[----------] 1 test from loadpos
[ RUN      ] loadpos.all
[       OK ] loadpos.all (0 ms)
[----------] 1 test from loadpos (0 ms total)

[----------] 1 test from is_full
[ RUN      ] is_full.empty
[       OK ] is_full.empty (0 ms)
[----------] 1 test from is_full (0 ms total)

[----------] 1 test from loadpos_is_full
[ RUN      ] loadpos_is_full.easy2
[       OK ] loadpos_is_full.easy2 (0 ms)
[----------] 1 test from loadpos_is_full (0 ms total)

[----------] 6 tests from eval
[ RUN      ] eval.down
[       OK ] eval.down (0 ms)
[ RUN      ] eval.hor
[       OK ] eval.hor (0 ms)
[ RUN      ] eval.slash
[       OK ] eval.slash (0 ms)
[ RUN      ] eval.slash2
[       OK ] eval.slash2 (0 ms)
[ RUN      ] eval.backslash
[       OK ] eval.backslash (0 ms)
[ RUN      ] eval.through_wall
[       OK ] eval.through_wall (0 ms)
[----------] 6 tests from eval (0 ms total)

[----------] 13 tests from minimax
[ RUN      ] minimax.easy_max
[       OK ] minimax.easy_max (0 ms)
[ RUN      ] minimax.easy2_7
[       OK ] minimax.easy2_7 (2 ms)
[ RUN      ] minimax.draw_9
[       OK ] minimax.draw_9 (12 ms)
[ RUN      ] minimax.win_8
[       OK ] minimax.win_8 (1 ms)
[ RUN      ] minimax.startpos_0
[       OK ] minimax.startpos_0 (0 ms)
[ RUN      ] minimax.startpos_1
[       OK ] minimax.startpos_1 (0 ms)
[ RUN      ] minimax.startpos_2
[       OK ] minimax.startpos_2 (0 ms)
[ RUN      ] minimax.startpos_5
[       OK ] minimax.startpos_5 (0 ms)
[ RUN      ] minimax.startpos_9
[       OK ] minimax.startpos_9 (4 ms)
[ RUN      ] minimax.startpos_10
[       OK ] minimax.startpos_10 (26 ms)
[ RUN      ] minimax.startpos_11
[       OK ] minimax.startpos_11 (77 ms)
[ RUN      ] minimax.startpos_12
[       OK ] minimax.startpos_12 (520 ms)
[ RUN      ] minimax.startpos_13
[       OK ] minimax.startpos_13 (1587 ms)
[ DISABLED ] minimax.DISABLED_startpos_14
[ DISABLED ] minimax.DISABLED_startpos_15
[ DISABLED ] minimax.DISABLED_startpos_21
[ DISABLED ] minimax.DISABLED_startpos_max
[----------] 13 tests from minimax (2233 ms total)

[----------] Global test environment tear-down
[==========] 27 tests from 6 test suites ran. (2233 ms total)
[  PASSED  ] 27 tests.

  YOU HAVE 4 DISABLED TESTS

